	Load cleaned data from models/xmap_k15_ns5_s2_new_hribm_data.cleandata
Learning UMAP ...
	Load trained umap from models/xmap_k15_ns5_s2_new_hribm_data.unsupervised_umap
Learning topological relations and Determining contexts ....
	Load trained umap from models/xmap_k15_ns5_s2_new_hribm_data.unsupervised_soinn
Explaining contexts ...
Context #1
	True Features
	False Features
		['EducationField_Human Resources', 'JobLevel_5', 'MonthlyIncome_14378.19to19999.0', 'YearsAtCompany_0.0to6.24']
	Numeric Features
	--------------------
Context #2
	True Features
	False Features
		['JobLevel_5', 'JobRole_Manufacturing Director', 'JobRole_Research Director', 'JobRole_Research Scientist', 'YearsSinceLastPromotion_11.57to15.0']
	Numeric Features
	--------------------
Context #3
	True Features
	False Features
		['JobRole_Human Resources', 'JobRole_Sales Representative']
	Numeric Features
	--------------------
Context #4
	True Features
	False Features
		['EducationField_Marketing', 'JobRole_Sales Executive', 'JobRole_Sales Representative', 'YearsAtCompany_25.22to40.0', 'YearsInCurrentRole_13.22to18.0']
	Numeric Features
	--------------------
Context #5
	True Features
	False Features
		['Department_Sales', 'EducationField_Human Resources', 'JobRole_Manager', 'JobRole_Sales Representative', 'YearsAtCompany_25.22to40.0']
	Numeric Features
	--------------------
Context #6
	True Features
		['StockOptionLevel_0', 'YearsSinceLastPromotion_0.0to3.15']
	False Features
		['JobLevel_5', 'JobRole_Healthcare Representative', 'YearsWithCurrManager_12.22to17.0']
	Numeric Features
	--------------------
Context #7
	True Features
		['YearsAtCompany_0.0to6.24']
	False Features
		['JobLevel_4', 'JobLevel_5', 'JobRole_Manager', 'YearsWithCurrManager_12.22to17.0']
	Numeric Features
	--------------------
Context #8
	True Features
		['YearsSinceLastPromotion_0.0to3.15']
	False Features
		['JobLevel_3', 'JobLevel_4', 'YearsWithCurrManager_12.22to17.0', 'YearsWithCurrManager_8.5to12.22']
	Numeric Features
	--------------------
Context #9
	True Features
		['YearsSinceLastPromotion_0.0to3.15']
	False Features
		['JobLevel_4', 'JobLevel_5', 'JobRole_Manager', 'YearsWithCurrManager_12.22to17.0']
	Numeric Features
	--------------------
Context #10
	True Features
	False Features
		['JobRole_Research Director', 'JobRole_Research Scientist', 'MonthlyIncome_14378.19to19999.0', 'TotalWorkingYears_26.68to40.0', 'YearsWithCurrManager_12.22to17.0']
	Numeric Features
	--------------------
	====================

